Start testing: Feb 11 14:26 EET
----------------------------------------------------------
7/19 Testing: Path
7/19 Test: Path
Command: "/home/Josey/Documents/Gorgon/Testing/Tests/Unit/UnitTest-Path"
Directory: /home/Josey/Documents/Gorgon/Testing/Runtime
"Path" start time: Feb 11 14:26 EET
Output:
----------------------------------------------------------
All tests passed (23 assertions in 5 test cases)

libgcov profiling error:/home/Josey/Documents/Gorgon/build-tests/CMakeFiles/UnitTest-Path.dir/Testing/Source/Unit/Path.cpp.gcda:overwriting an existing profile data with a different checksum
<end of output>
Test time =   0.01 sec
----------------------------------------------------------
Test Passed.
"Path" end time: Feb 11 14:26 EET
"Path" time elapsed: 00:00:00
----------------------------------------------------------

End testing: Feb 11 14:26 EET
